mode: count
github.com/ukrainskykirill/auth/internal/api/user/create.go:15.111,17.16 2 0
github.com/ukrainskykirill/auth/internal/api/user/create.go:17.16,18.10 1 0
github.com/ukrainskykirill/auth/internal/api/user/create.go:19.48,20.64 1 0
github.com/ukrainskykirill/auth/internal/api/user/create.go:21.48,22.57 1 0
github.com/ukrainskykirill/auth/internal/api/user/create.go:23.44,24.64 1 0
github.com/ukrainskykirill/auth/internal/api/user/create.go:25.11,26.57 1 0
github.com/ukrainskykirill/auth/internal/api/user/create.go:29.2,31.8 1 0
github.com/ukrainskykirill/auth/internal/api/user/delete.go:15.104,17.16 2 0
github.com/ukrainskykirill/auth/internal/api/user/delete.go:17.16,18.10 1 0
github.com/ukrainskykirill/auth/internal/api/user/delete.go:19.48,20.57 1 0
github.com/ukrainskykirill/auth/internal/api/user/delete.go:21.11,22.57 1 0
github.com/ukrainskykirill/auth/internal/api/user/delete.go:25.2,25.30 1 0
github.com/ukrainskykirill/auth/internal/api/user/get.go:15.102,17.16 2 0
github.com/ukrainskykirill/auth/internal/api/user/get.go:17.16,18.10 1 0
github.com/ukrainskykirill/auth/internal/api/user/get.go:19.48,20.57 1 0
github.com/ukrainskykirill/auth/internal/api/user/get.go:21.11,22.57 1 0
github.com/ukrainskykirill/auth/internal/api/user/get.go:26.2,26.47 1 0
github.com/ukrainskykirill/auth/internal/api/user/service.go:13.73,15.2 1 0
github.com/ukrainskykirill/auth/internal/api/user/update.go:16.104,18.16 2 0
github.com/ukrainskykirill/auth/internal/api/user/update.go:18.16,19.10 1 0
github.com/ukrainskykirill/auth/internal/api/user/update.go:20.48,21.57 1 0
github.com/ukrainskykirill/auth/internal/api/user/update.go:22.48,23.64 1 0
github.com/ukrainskykirill/auth/internal/api/user/update.go:24.11,25.57 1 0
github.com/ukrainskykirill/auth/internal/api/user/update.go:28.2,28.30 1 0
github.com/ukrainskykirill/auth/internal/service/user/create.go:13.83,15.16 2 0
github.com/ukrainskykirill/auth/internal/service/user/create.go:15.16,17.3 1 0
github.com/ukrainskykirill/auth/internal/service/user/create.go:19.2,20.16 2 0
github.com/ukrainskykirill/auth/internal/service/user/create.go:20.16,22.3 1 0
github.com/ukrainskykirill/auth/internal/service/user/create.go:23.2,24.16 2 0
github.com/ukrainskykirill/auth/internal/service/user/create.go:24.16,26.3 1 0
github.com/ukrainskykirill/auth/internal/service/user/create.go:27.2,30.16 3 0
github.com/ukrainskykirill/auth/internal/service/user/create.go:30.16,32.3 1 0
github.com/ukrainskykirill/auth/internal/service/user/create.go:33.2,33.20 1 0
github.com/ukrainskykirill/auth/internal/service/user/delete.go:8.68,10.16 2 0
github.com/ukrainskykirill/auth/internal/service/user/delete.go:10.16,12.3 1 0
github.com/ukrainskykirill/auth/internal/service/user/delete.go:13.2,13.12 1 0
github.com/ukrainskykirill/auth/internal/service/user/get.go:9.80,11.16 2 0
github.com/ukrainskykirill/auth/internal/service/user/get.go:11.16,13.3 1 0
github.com/ukrainskykirill/auth/internal/service/user/get.go:14.2,14.18 1 0
github.com/ukrainskykirill/auth/internal/service/user/service.go:12.70,16.2 1 0
github.com/ukrainskykirill/auth/internal/service/user/update.go:10.80,11.26 1 0
github.com/ukrainskykirill/auth/internal/service/user/update.go:11.26,13.17 2 0
github.com/ukrainskykirill/auth/internal/service/user/update.go:13.17,15.4 1 0
github.com/ukrainskykirill/auth/internal/service/user/update.go:18.2,19.16 2 0
github.com/ukrainskykirill/auth/internal/service/user/update.go:19.16,21.3 1 0
github.com/ukrainskykirill/auth/internal/service/user/update.go:22.2,22.12 1 0
github.com/ukrainskykirill/auth/internal/service/user/utils.go:10.52,11.22 1 0
github.com/ukrainskykirill/auth/internal/service/user/utils.go:11.22,13.3 1 0
github.com/ukrainskykirill/auth/internal/service/user/utils.go:14.2,14.12 1 0
github.com/ukrainskykirill/auth/internal/service/user/utils.go:17.40,19.16 2 0
github.com/ukrainskykirill/auth/internal/service/user/utils.go:19.16,21.3 1 0
github.com/ukrainskykirill/auth/internal/service/user/utils.go:22.2,22.12 1 0
github.com/ukrainskykirill/auth/internal/service/user/utils.go:22.12,24.3 1 0
github.com/ukrainskykirill/auth/internal/service/user/utils.go:25.2,25.12 1 0
github.com/ukrainskykirill/auth/internal/api/user/create.go:15.111,17.16 2 10
github.com/ukrainskykirill/auth/internal/api/user/create.go:17.16,18.10 1 5
github.com/ukrainskykirill/auth/internal/api/user/create.go:19.48,20.64 1 0
github.com/ukrainskykirill/auth/internal/api/user/create.go:21.48,22.57 1 0
github.com/ukrainskykirill/auth/internal/api/user/create.go:23.44,24.64 1 0
github.com/ukrainskykirill/auth/internal/api/user/create.go:25.11,26.57 1 5
github.com/ukrainskykirill/auth/internal/api/user/create.go:29.2,31.8 1 5
github.com/ukrainskykirill/auth/internal/api/user/delete.go:15.104,17.16 2 10
github.com/ukrainskykirill/auth/internal/api/user/delete.go:17.16,18.10 1 5
github.com/ukrainskykirill/auth/internal/api/user/delete.go:19.48,20.57 1 0
github.com/ukrainskykirill/auth/internal/api/user/delete.go:21.11,22.57 1 5
github.com/ukrainskykirill/auth/internal/api/user/delete.go:25.2,25.30 1 5
github.com/ukrainskykirill/auth/internal/api/user/get.go:15.102,17.16 2 10
github.com/ukrainskykirill/auth/internal/api/user/get.go:17.16,18.10 1 5
github.com/ukrainskykirill/auth/internal/api/user/get.go:19.48,20.57 1 0
github.com/ukrainskykirill/auth/internal/api/user/get.go:21.11,22.57 1 5
github.com/ukrainskykirill/auth/internal/api/user/get.go:26.2,26.47 1 5
github.com/ukrainskykirill/auth/internal/api/user/service.go:13.73,15.2 1 40
github.com/ukrainskykirill/auth/internal/api/user/update.go:16.104,18.16 2 10
github.com/ukrainskykirill/auth/internal/api/user/update.go:18.16,19.10 1 5
github.com/ukrainskykirill/auth/internal/api/user/update.go:20.48,21.57 1 0
github.com/ukrainskykirill/auth/internal/api/user/update.go:22.48,23.64 1 0
github.com/ukrainskykirill/auth/internal/api/user/update.go:24.11,25.57 1 5
github.com/ukrainskykirill/auth/internal/api/user/update.go:28.2,28.30 1 5
github.com/ukrainskykirill/auth/internal/service/user/create.go:13.83,15.16 2 0
github.com/ukrainskykirill/auth/internal/service/user/create.go:15.16,17.3 1 0
github.com/ukrainskykirill/auth/internal/service/user/create.go:19.2,20.16 2 0
github.com/ukrainskykirill/auth/internal/service/user/create.go:20.16,22.3 1 0
github.com/ukrainskykirill/auth/internal/service/user/create.go:23.2,24.16 2 0
github.com/ukrainskykirill/auth/internal/service/user/create.go:24.16,26.3 1 0
github.com/ukrainskykirill/auth/internal/service/user/create.go:27.2,30.16 3 0
github.com/ukrainskykirill/auth/internal/service/user/create.go:30.16,32.3 1 0
github.com/ukrainskykirill/auth/internal/service/user/create.go:33.2,33.20 1 0
github.com/ukrainskykirill/auth/internal/service/user/delete.go:8.68,10.16 2 0
github.com/ukrainskykirill/auth/internal/service/user/delete.go:10.16,12.3 1 0
github.com/ukrainskykirill/auth/internal/service/user/delete.go:13.2,13.12 1 0
github.com/ukrainskykirill/auth/internal/service/user/get.go:9.80,11.16 2 0
github.com/ukrainskykirill/auth/internal/service/user/get.go:11.16,13.3 1 0
github.com/ukrainskykirill/auth/internal/service/user/get.go:14.2,14.18 1 0
github.com/ukrainskykirill/auth/internal/service/user/service.go:12.70,16.2 1 0
github.com/ukrainskykirill/auth/internal/service/user/update.go:10.80,11.26 1 0
github.com/ukrainskykirill/auth/internal/service/user/update.go:11.26,13.17 2 0
github.com/ukrainskykirill/auth/internal/service/user/update.go:13.17,15.4 1 0
github.com/ukrainskykirill/auth/internal/service/user/update.go:18.2,19.16 2 0
github.com/ukrainskykirill/auth/internal/service/user/update.go:19.16,21.3 1 0
github.com/ukrainskykirill/auth/internal/service/user/update.go:22.2,22.12 1 0
github.com/ukrainskykirill/auth/internal/service/user/utils.go:10.52,11.22 1 0
github.com/ukrainskykirill/auth/internal/service/user/utils.go:11.22,13.3 1 0
github.com/ukrainskykirill/auth/internal/service/user/utils.go:14.2,14.12 1 0
github.com/ukrainskykirill/auth/internal/service/user/utils.go:17.40,19.16 2 0
github.com/ukrainskykirill/auth/internal/service/user/utils.go:19.16,21.3 1 0
github.com/ukrainskykirill/auth/internal/service/user/utils.go:22.2,22.12 1 0
github.com/ukrainskykirill/auth/internal/service/user/utils.go:22.12,24.3 1 0
github.com/ukrainskykirill/auth/internal/service/user/utils.go:25.2,25.12 1 0
github.com/ukrainskykirill/auth/internal/api/user/create.go:15.111,17.16 2 0
github.com/ukrainskykirill/auth/internal/api/user/create.go:17.16,18.10 1 0
github.com/ukrainskykirill/auth/internal/api/user/create.go:19.48,20.64 1 0
github.com/ukrainskykirill/auth/internal/api/user/create.go:21.48,22.57 1 0
github.com/ukrainskykirill/auth/internal/api/user/create.go:23.44,24.64 1 0
github.com/ukrainskykirill/auth/internal/api/user/create.go:25.11,26.57 1 0
github.com/ukrainskykirill/auth/internal/api/user/create.go:29.2,31.8 1 0
github.com/ukrainskykirill/auth/internal/api/user/delete.go:15.104,17.16 2 0
github.com/ukrainskykirill/auth/internal/api/user/delete.go:17.16,18.10 1 0
github.com/ukrainskykirill/auth/internal/api/user/delete.go:19.48,20.57 1 0
github.com/ukrainskykirill/auth/internal/api/user/delete.go:21.11,22.57 1 0
github.com/ukrainskykirill/auth/internal/api/user/delete.go:25.2,25.30 1 0
github.com/ukrainskykirill/auth/internal/api/user/get.go:15.102,17.16 2 0
github.com/ukrainskykirill/auth/internal/api/user/get.go:17.16,18.10 1 0
github.com/ukrainskykirill/auth/internal/api/user/get.go:19.48,20.57 1 0
github.com/ukrainskykirill/auth/internal/api/user/get.go:21.11,22.57 1 0
github.com/ukrainskykirill/auth/internal/api/user/get.go:26.2,26.47 1 0
github.com/ukrainskykirill/auth/internal/api/user/service.go:13.73,15.2 1 0
github.com/ukrainskykirill/auth/internal/api/user/update.go:16.104,18.16 2 0
github.com/ukrainskykirill/auth/internal/api/user/update.go:18.16,19.10 1 0
github.com/ukrainskykirill/auth/internal/api/user/update.go:20.48,21.57 1 0
github.com/ukrainskykirill/auth/internal/api/user/update.go:22.48,23.64 1 0
github.com/ukrainskykirill/auth/internal/api/user/update.go:24.11,25.57 1 0
github.com/ukrainskykirill/auth/internal/api/user/update.go:28.2,28.30 1 0
github.com/ukrainskykirill/auth/internal/service/user/create.go:13.83,15.16 2 20
github.com/ukrainskykirill/auth/internal/service/user/create.go:15.16,17.3 1 5
github.com/ukrainskykirill/auth/internal/service/user/create.go:19.2,20.16 2 15
github.com/ukrainskykirill/auth/internal/service/user/create.go:20.16,22.3 1 5
github.com/ukrainskykirill/auth/internal/service/user/create.go:23.2,24.16 2 10
github.com/ukrainskykirill/auth/internal/service/user/create.go:24.16,26.3 1 0
github.com/ukrainskykirill/auth/internal/service/user/create.go:27.2,30.16 3 10
github.com/ukrainskykirill/auth/internal/service/user/create.go:30.16,32.3 1 5
github.com/ukrainskykirill/auth/internal/service/user/create.go:33.2,33.20 1 5
github.com/ukrainskykirill/auth/internal/service/user/delete.go:8.68,10.16 2 10
github.com/ukrainskykirill/auth/internal/service/user/delete.go:10.16,12.3 1 5
github.com/ukrainskykirill/auth/internal/service/user/delete.go:13.2,13.12 1 5
github.com/ukrainskykirill/auth/internal/service/user/get.go:9.80,11.16 2 10
github.com/ukrainskykirill/auth/internal/service/user/get.go:11.16,13.3 1 5
github.com/ukrainskykirill/auth/internal/service/user/get.go:14.2,14.18 1 5
github.com/ukrainskykirill/auth/internal/service/user/service.go:12.70,16.2 1 55
github.com/ukrainskykirill/auth/internal/service/user/update.go:10.80,11.26 1 15
github.com/ukrainskykirill/auth/internal/service/user/update.go:11.26,13.17 2 15
github.com/ukrainskykirill/auth/internal/service/user/update.go:13.17,15.4 1 5
github.com/ukrainskykirill/auth/internal/service/user/update.go:18.2,19.16 2 10
github.com/ukrainskykirill/auth/internal/service/user/update.go:19.16,21.3 1 5
github.com/ukrainskykirill/auth/internal/service/user/update.go:22.2,22.12 1 5
github.com/ukrainskykirill/auth/internal/service/user/utils.go:10.52,11.22 1 15
github.com/ukrainskykirill/auth/internal/service/user/utils.go:11.22,13.3 1 5
github.com/ukrainskykirill/auth/internal/service/user/utils.go:14.2,14.12 1 10
github.com/ukrainskykirill/auth/internal/service/user/utils.go:17.40,19.16 2 35
github.com/ukrainskykirill/auth/internal/service/user/utils.go:19.16,21.3 1 0
github.com/ukrainskykirill/auth/internal/service/user/utils.go:22.2,22.12 1 35
github.com/ukrainskykirill/auth/internal/service/user/utils.go:22.12,24.3 1 10
github.com/ukrainskykirill/auth/internal/service/user/utils.go:25.2,25.12 1 25
